
5월 21, 2020 15:00:35.46 NEW SESSION
5월 21, 2020 15:00:35.46 [6168:10672:0521/150035.461:ERROR:browser_switcher_service.cc(238)] XXX Init()
5월 21, 2020 15:10:13.89 [9676:6452:0521/151013.897:ERROR:browser_switcher_service.cc(238)] XXX Init()
5월 21, 2020 15:17:12.72 [9676:8776:0521/151712.727:ERROR:connection_factory_impl.cc(420)] Failed to connect to MCS endpoint with error -105
5월 21, 2020 15:21:54.85 [9676:8776:0521/152154.857:ERROR:socket_stream.cc(218)] Closing stream with result -2
5월 21, 2020 15:22:20.23 [9676:8776:0521/152220.231:ERROR:connection_factory_impl.cc(420)] Failed to connect to MCS endpoint with error -118
5월 21, 2020 15:22:35.01 [9676:8776:0521/152235.014:ERROR:connection_factory_impl.cc(420)] Failed to connect to MCS endpoint with error -106
5월 21, 2020 15:23:01.22 [9676:8776:0521/152301.221:ERROR:connection_factory_impl.cc(420)] Failed to connect to MCS endpoint with error -105
5월 21, 2020 15:23:07.72 [9676:8776:0521/152307.722:ERROR:connection_factory_impl.cc(420)] Failed to connect to MCS endpoint with error -105
5월 21, 2020 15:23:14.72 [9676:8776:0521/152314.720:ERROR:connection_factory_impl.cc(420)] Failed to connect to MCS endpoint with error -105
5월 21, 2020 15:23:21.22 [9676:8776:0521/152321.220:ERROR:connection_factory_impl.cc(420)] Failed to connect to MCS endpoint with error -105
5월 21, 2020 15:23:51.73 [9676:8776:0521/152351.730:ERROR:connection_factory_impl.cc(420)] Failed to connect to MCS endpoint with error -118

5월 25, 2020 17:31:00.55 NEW SESSION
5월 25, 2020 17:31:00.55 [10136:6584:0525/173100.368:ERROR:browser_switcher_service.cc(238)] XXX Init()
5월 25, 2020 17:34:35.11 [6116:10008:0525/173435.117:ERROR:browser_switcher_service.cc(238)] XXX Init()

5월 26, 2020 10:54:57.02 NEW SESSION
5월 26, 2020 10:54:57.02 [2304:6724:0526/105457.023:ERROR:browser_switcher_service.cc(238)] XXX Init()
5월 26, 2020 11:16:38.39 [4084:5556:0526/111638.392:ERROR:browser_switcher_service.cc(238)] XXX Init()
5월 26, 2020 11:17:05.59 [9600:1580:0526/111705.598:ERROR:browser_switcher_service.cc(238)] XXX Init()
5월 26, 2020 11:17:50.96 [7824:9360:0526/111750.961:ERROR:browser_switcher_service.cc(238)] XXX Init()
5월 26, 2020 11:29:48.83 [11644:9912:0526/112948.839:ERROR:browser_switcher_service.cc(238)] XXX Init()
5월 26, 2020 11:30:08.84 [11132:7220:0526/113008.843:ERROR:browser_switcher_service.cc(238)] XXX Init()
5월 26, 2020 11:31:59.53 [592:11616:0526/113159.533:ERROR:browser_switcher_service.cc(238)] XXX Init()
5월 26, 2020 11:37:47.07 [11656:7756:0526/113747.079:ERROR:browser_switcher_service.cc(238)] XXX Init()
5월 26, 2020 11:38:49.29 [11648:5548:0526/113849.294:ERROR:browser_switcher_service.cc(238)] XXX Init()
5월 26, 2020 11:39:05.78 [624:8416:0526/113905.782:ERROR:browser_switcher_service.cc(238)] XXX Init()
5월 26, 2020 12:15:20.70 [9324:8164:0526/121520.703:ERROR:browser_switcher_service.cc(238)] XXX Init()
5월 26, 2020 12:15:44.06 [2436:9432:0526/121544.068:ERROR:browser_switcher_service.cc(238)] XXX Init()
5월 26, 2020 12:16:46.27 [10884:4472:0526/121646.272:ERROR:browser_switcher_service.cc(238)] XXX Init()
5월 26, 2020 12:17:02.55 [6824:4432:0526/121702.554:ERROR:browser_switcher_service.cc(238)] XXX Init()
5월 26, 2020 15:36:24.44 [6176:11744:0526/153624.447:ERROR:browser_switcher_service.cc(238)] XXX Init()
5월 26, 2020 15:55:43.34 [3236:7404:0526/155543.343:ERROR:browser_switcher_service.cc(238)] XXX Init()
5월 26, 2020 16:21:11.49 [3236:7432:0526/162111.494:ERROR:connection_factory_impl.cc(420)] Failed to connect to MCS endpoint with error -105
5월 26, 2020 16:32:39.60 [7924:12876:0526/163239.605:ERROR:browser_switcher_service.cc(238)] XXX Init()
5월 26, 2020 16:33:51.05 [7512:2272:0526/163351.055:ERROR:browser_switcher_service.cc(238)] XXX Init()

6월 02, 2020 09:56:27.65 NEW SESSION
6월 02, 2020 09:56:27.65 [3064:6756:0602/095627.653:ERROR:browser_switcher_service.cc(238)] XXX Init()
6월 02, 2020 10:01:30.38 [3064:12836:0602/100130.386:ERROR:connection_factory_impl.cc(420)] Failed to connect to MCS endpoint with error -105
6월 02, 2020 10:01:36.88 [3064:12836:0602/100136.884:ERROR:connection_factory_impl.cc(420)] Failed to connect to MCS endpoint with error -105
6월 02, 2020 10:01:43.86 [3064:12836:0602/100143.864:ERROR:connection_factory_impl.cc(420)] Failed to connect to MCS endpoint with error -105
6월 02, 2020 10:02:38.47 [3064:12836:0602/100238.474:ERROR:connection_factory_impl.cc(420)] Failed to connect to MCS endpoint with error -118
6월 02, 2020 10:04:24.82 [12820:11552:0602/100424.822:ERROR:browser_switcher_service.cc(238)] XXX Init()
6월 02, 2020 10:10:46.78 [8112:7596:0602/101046.780:ERROR:browser_switcher_service.cc(238)] XXX Init()
6월 02, 2020 10:10:56.23 [8112:1772:0602/101056.234:ERROR:get_updates_processor.cc(258)] PostClientToServerMessage() failed during GetUpdates with error 2
6월 02, 2020 10:11:25.02 [8112:12256:0602/101125.021:ERROR:connection_factory_impl.cc(420)] Failed to connect to MCS endpoint with error -118
6월 02, 2020 10:12:25.96 [8112:12256:0602/101225.963:ERROR:connection_factory_impl.cc(420)] Failed to connect to MCS endpoint with error -118
6월 02, 2020 10:16:26.08 [8112:12256:0602/101626.087:ERROR:connection_factory_impl.cc(420)] Failed to connect to MCS endpoint with error -7
6월 02, 2020 10:16:55.14 [8112:12256:0602/101655.140:ERROR:connection_factory_impl.cc(420)] Failed to connect to MCS endpoint with error -118
6월 02, 2020 10:17:18.90 [8112:12256:0602/101718.903:ERROR:connection_factory_impl.cc(420)] Failed to connect to MCS endpoint with error -118
6월 02, 2020 10:18:10.95 [8112:12256:0602/101810.958:ERROR:connection_factory_impl.cc(420)] Failed to connect to MCS endpoint with error -118
6월 02, 2020 10:19:32.20 [12492:6188:0602/101932.209:ERROR:browser_switcher_service.cc(238)] XXX Init()
6월 02, 2020 10:21:20.49 [2248:12048:0602/102120.491:ERROR:browser_switcher_service.cc(238)] XXX Init()
6월 02, 2020 10:21:59.26 [9480:5712:0602/102159.268:ERROR:browser_switcher_service.cc(238)] XXX Init()
6월 02, 2020 10:40:32.68 [10008:7892:0602/104032.685:ERROR:browser_switcher_service.cc(238)] XXX Init()
6월 02, 2020 11:36:24.94 [9600:9556:0602/113624.945:ERROR:browser_switcher_service.cc(238)] XXX Init()
6월 02, 2020 11:39:58.09 [10384:2100:0602/113958.094:ERROR:browser_switcher_service.cc(238)] XXX Init()
6월 02, 2020 11:52:51.98 [10384:12260:0602/115251.981:ERROR:connection_factory_impl.cc(420)] Failed to connect to MCS endpoint with error -106
6월 02, 2020 12:31:16.59 [8244:1960:0602/123116.591:ERROR:browser_switcher_service.cc(238)] XXX Init()
6월 02, 2020 12:52:53.66 [7480:3024:0602/125253.665:ERROR:browser_switcher_service.cc(238)] XXX Init()
6월 02, 2020 13:38:53.49 [5940:9932:0602/133853.498:ERROR:browser_switcher_service.cc(238)] XXX Init()
6월 02, 2020 13:55:43.38 [9408:6832:0602/135543.380:ERROR:browser_switcher_service.cc(238)] XXX Init()

6월 06, 2020 22:37:56.91 NEW SESSION
6월 06, 2020 22:37:56.91 [15280:11876:0606/223756.913:ERROR:CONSOLE(7)] "Protocol Error: Attempted to dispatch an unspecified method 'Page.downloadProgress': {"method":"Page.downloadProgress","params":{"guid":"54f3d5a1-796c-43e7-82cd-7a404ee3fdec","totalBytes":20787,"receivedBytes":0,"state":"inProgress"}}", source: devtools://devtools/bundled/protocol_client/protocol_client.js (7)
6월 06, 2020 22:37:56.99 [15280:11876:0606/223756.913:ERROR:CONSOLE(7)] "Protocol Error: Attempted to dispatch an unspecified method 'Page.downloadProgress': {"method":"Page.downloadProgress","params":{"guid":"54f3d5a1-796c-43e7-82cd-7a404ee3fdec","totalBytes":20787,"receivedBytes":20787,"state":"inProgress"}}", source: devtools://devtools/bundled/protocol_client/protocol_client.js (7)
6월 06, 2020 22:37:57.00 [15280:11876:0606/223756.913:ERROR:CONSOLE(7)] "Protocol Error: Attempted to dispatch an unspecified method 'Page.downloadProgress': {"method":"Page.downloadProgress","params":{"guid":"54f3d5a1-796c-43e7-82cd-7a404ee3fdec","totalBytes":20787,"receivedBytes":20787,"state":"inProgress"}}", source: devtools://devtools/bundled/protocol_client/protocol_client.js (7)
6월 06, 2020 22:37:57.02 [15280:11876:0606/223756.992:ERROR:CONSOLE(7)] "Protocol Error: Attempted to dispatch an unspecified method 'Page.downloadProgress': {"method":"Page.downloadProgress","params":{"guid":"54f3d5a1-796c-43e7-82cd-7a404ee3fdec","totalBytes":20787,"receivedBytes":20787,"state":"inProgress"}}", source: devtools://devtools/bundled/protocol_client/protocol_client.js (7)
6월 06, 2020 22:38:04.35 [15280:11876:0606/223804.356:ERROR:CONSOLE(7)] "Protocol Error: Attempted to dispatch an unspecified method 'Page.downloadProgress': {"method":"Page.downloadProgress","params":{"guid":"54f3d5a1-796c-43e7-82cd-7a404ee3fdec","totalBytes":20787,"receivedBytes":20787,"state":"inProgress"}}", source: devtools://devtools/bundled/protocol_client/protocol_client.js (7)
6월 06, 2020 22:38:04.38 [15280:11876:0606/223804.364:ERROR:CONSOLE(7)] "Protocol Error: Attempted to dispatch an unspecified method 'Page.downloadProgress': {"method":"Page.downloadProgress","params":{"guid":"54f3d5a1-796c-43e7-82cd-7a404ee3fdec","totalBytes":20787,"receivedBytes":20787,"state":"inProgress"}}", source: devtools://devtools/bundled/protocol_client/protocol_client.js (7)
6월 06, 2020 22:38:04.66 [15280:11876:0606/223804.668:ERROR:CONSOLE(7)] "Protocol Error: Attempted to dispatch an unspecified method 'Page.downloadProgress': {"method":"Page.downloadProgress","params":{"guid":"54f3d5a1-796c-43e7-82cd-7a404ee3fdec","totalBytes":20787,"receivedBytes":20787,"state":"completed"}}", source: devtools://devtools/bundled/protocol_client/protocol_client.js (7)

1월 26, 2021 13:05:58.38 NEW SESSION
1월 26, 2021 13:05:58.38 [16616:19100:0126/130558.383:ERROR:device_event_log_impl.cc(211)] [13:05:58.383] USB: usb_device_handle_win.cc:1020 Failed to read descriptor from node connection: 시스템에 부착된 장치가 작동하지 않습니다. (0x1F)
1월 26, 2021 13:31:12.65 [18828:13816:0126/133112.658:ERROR:device_event_log_impl.cc(211)] [13:31:12.648] USB: usb_device_handle_win.cc:1020 Failed to read descriptor from node connection: 시스템에 부착된 장치가 작동하지 않습니다. (0x1F)
1월 26, 2021 13:31:49.86 [16404:19392:0126/133149.860:ERROR:device_event_log_impl.cc(211)] [13:31:49.869] USB: usb_device_handle_win.cc:1020 Failed to read descriptor from node connection: 시스템에 부착된 장치가 작동하지 않습니다. (0x1F)
1월 26, 2021 13:35:28.50 [18188:17912:0126/133528.505:ERROR:device_event_log_impl.cc(211)] [13:35:28.506] USB: usb_device_handle_win.cc:1020 Failed to read descriptor from node connection: 시스템에 부착된 장치가 작동하지 않습니다. (0x1F)
1월 26, 2021 13:35:56.03 [18924:20772:0126/133556.030:ERROR:device_event_log_impl.cc(211)] [13:35:56.028] USB: usb_device_handle_win.cc:1020 Failed to read descriptor from node connection: 시스템에 부착된 장치가 작동하지 않습니다. (0x1F)
1월 26, 2021 13:39:25.47 [16896:19232:0126/133925.470:ERROR:device_event_log_impl.cc(211)] [13:39:25.464] USB: usb_device_handle_win.cc:1020 Failed to read descriptor from node connection: 시스템에 부착된 장치가 작동하지 않습니다. (0x1F)
1월 26, 2021 14:03:12.48 [17468:14380:0126/140312.489:ERROR:device_event_log_impl.cc(211)] [14:03:12.477] USB: usb_device_handle_win.cc:1020 Failed to read descriptor from node connection: 시스템에 부착된 장치가 작동하지 않습니다. (0x1F)
1월 26, 2021 14:18:57.26 [20244:18464:0126/141857.262:ERROR:device_event_log_impl.cc(211)] [14:18:57.270] USB: usb_device_handle_win.cc:1020 Failed to read descriptor from node connection: 시스템에 부착된 장치가 작동하지 않습니다. (0x1F)
1월 26, 2021 14:26:34.55 [17948:21440:0126/142634.555:ERROR:device_event_log_impl.cc(211)] [14:26:34.551] USB: usb_device_handle_win.cc:1020 Failed to read descriptor from node connection: 시스템에 부착된 장치가 작동하지 않습니다. (0x1F)
1월 26, 2021 14:35:03.96 [18360:9344:0126/143503.962:ERROR:device_event_log_impl.cc(211)] [14:35:03.969] USB: usb_device_handle_win.cc:1020 Failed to read descriptor from node connection: 시스템에 부착된 장치가 작동하지 않습니다. (0x1F)
1월 26, 2021 15:19:25.15 [10384:9176:0126/151925.154:ERROR:device_event_log_impl.cc(211)] [15:19:25.145] USB: usb_device_handle_win.cc:1020 Failed to read descriptor from node connection: 시스템에 부착된 장치가 작동하지 않습니다. (0x1F)
1월 26, 2021 15:22:30.70 [16192:11420:0126/152230.701:ERROR:device_event_log_impl.cc(211)] [15:22:30.698] USB: usb_device_handle_win.cc:1020 Failed to read descriptor from node connection: 시스템에 부착된 장치가 작동하지 않습니다. (0x1F)
1월 26, 2021 15:22:30.71 [16192:11420:0126/152230.701:ERROR:device_event_log_impl.cc(211)] [15:22:30.698] USB: usb_device_handle_win.cc:1020 Failed to read descriptor from node connection: 시스템에 부착된 장치가 작동하지 않습니다. (0x1F)
1월 26, 2021 15:23:42.83 [20168:16004:0126/152342.837:ERROR:device_event_log_impl.cc(211)] [15:23:42.827] USB: usb_device_handle_win.cc:1020 Failed to read descriptor from node connection: 시스템에 부착된 장치가 작동하지 않습니다. (0x1F)

3월 01, 2021 16:17:43.29 NEW SESSION
3월 01, 2021 16:17:43.29 [10980:8860:0301/161743.294:ERROR:device_event_log_impl.cc(211)] [16:17:43.293] USB: usb_device_handle_win.cc:1049 Failed to read descriptor from node connection: 시스템에 부착된 장치가 작동하지 않습니다. (0x1F)

3월 09, 2021 06:18:53.17 NEW SESSION
3월 09, 2021 06:18:53.17 [15756:19220:0309/061853.162:ERROR:device_event_log_impl.cc(211)] [06:18:53.162] USB: usb_device_handle_win.cc:1049 Failed to read descriptor from node connection: 시스템에 부착된 장치가 작동하지 않습니다. (0x1F)
3월 09, 2021 06:18:53.33 [15756:19220:0309/061853.163:ERROR:device_event_log_impl.cc(211)] [06:18:53.163] USB: usb_device_handle_win.cc:1049 Failed to read descriptor from node connection: 시스템에 부착된 장치가 작동하지 않습니다. (0x1F)
3월 09, 2021 06:18:53.34 [15756:19220:0309/061853.164:ERROR:device_event_log_impl.cc(211)] [06:18:53.163] USB: usb_device_handle_win.cc:1049 Failed to read descriptor from node connection: 시스템에 부착된 장치가 작동하지 않습니다. (0x1F)

3월 15, 2021 16:27:31.11 NEW SESSION
3월 15, 2021 16:27:31.11 [14792:16160:0315/162731.087:ERROR:device_event_log_impl.cc(211)] [16:27:31.083] USB: usb_device_handle_win.cc:1049 Failed to read descriptor from node connection: 시스템에 부착된 장치가 작동하지 않습니다. (0x1F)
3월 15, 2021 20:42:40.19 [4388:15416:0315/204240.162:ERROR:device_event_log_impl.cc(211)] [20:42:40.150] USB: usb_device_handle_win.cc:1049 Failed to read descriptor from node connection: 시스템에 부착된 장치가 작동하지 않습니다. (0x1F)

3월 16, 2021 15:11:13.75 NEW SESSION
3월 16, 2021 15:11:13.75 [13456:8624:0316/151113.740:ERROR:device_event_log_impl.cc(214)] [15:11:13.737] USB: usb_device_handle_win.cc:1056 Failed to read descriptor from node connection: 시스템에 부착된 장치가 작동하지 않습니다. (0x1F)
3월 16, 2021 15:11:13.78 [13456:8624:0316/151113.740:ERROR:device_event_log_impl.cc(214)] [15:11:13.738] USB: usb_device_handle_win.cc:1056 Failed to read descriptor from node connection: 시스템에 부착된 장치가 작동하지 않습니다. (0x1F)
3월 16, 2021 16:41:53.65 [15564:12480:0316/164153.634:ERROR:device_event_log_impl.cc(214)] [16:41:53.627] USB: usb_device_handle_win.cc:1056 Failed to read descriptor from node connection: 시스템에 부착된 장치가 작동하지 않습니다. (0x1F)
3월 16, 2021 16:41:53.66 [15564:12480:0316/164153.634:ERROR:device_event_log_impl.cc(214)] [16:41:53.628] USB: usb_device_handle_win.cc:1056 Failed to read descriptor from node connection: 시스템에 부착된 장치가 작동하지 않습니다. (0x1F)

7월 26, 2021 22:23:01.35 NEW SESSION
7월 26, 2021 22:23:01.35 [9468:20000:0726/222301.354:ERROR:device_event_log_impl.cc(214)] [22:23:01.353] USB: usb_device_handle_win.cc:1048 Failed to read descriptor from node connection: 시스템에 부착된 장치가 작동하지 않습니다. (0x1F)
7월 26, 2021 22:23:01.53 [9468:20000:0726/222301.354:ERROR:device_event_log_impl.cc(214)] [22:23:01.354] USB: usb_device_handle_win.cc:1048 Failed to read descriptor from node connection: 시스템에 부착된 장치가 작동하지 않습니다. (0x1F)

9월 20, 2021 15:19:59.09 NEW SESSION
9월 20, 2021 15:19:59.09 [11800:17292:0920/151959.004:ERROR:device_event_log_impl.cc(214)] [15:19:59.003] USB: usb_device_handle_win.cc:1048 Failed to read descriptor from node connection: 시스템에 부착된 장치가 작동하지 않습니다. (0x1F)
9월 20, 2021 15:22:17.22 [14328:21084:0920/152217.227:ERROR:device_event_log_impl.cc(214)] [15:22:17.214] USB: usb_device_handle_win.cc:1048 Failed to read descriptor from node connection: 시스템에 부착된 장치가 작동하지 않습니다. (0x1F)
9월 20, 2021 15:39:55.30 [22864:24952:0920/153955.300:ERROR:device_event_log_impl.cc(214)] [15:39:55.299] USB: usb_device_handle_win.cc:1048 Failed to read descriptor from node connection: 시스템에 부착된 장치가 작동하지 않습니다. (0x1F)
